<?xml version="1.0" encoding="UTF-8"?>
<!-- Generated by org.testng.reporters.JUnitReportReporter -->
<testsuite hostname="Mayas-MacBook-Air-2.local" failures="0" tests="1" name="com.herokuapp.theinternet.dropdownpagetests.DropDownTests" time="14.155" errors="0" timestamp="2024-04-30T19:25:20 MDT" skipped="0">
  <testcase classname="com.herokuapp.theinternet.dropdownpagetests.DropDownTests" name="testBothDropDown" time="14.155"/>
</testsuite> <!-- com.herokuapp.theinternet.dropdownpagetests.DropDownTests -->
