<?xml version="1.0" encoding="UTF-8"?>
<!-- Generated by org.testng.reporters.JUnitReportReporter -->
<testsuite hostname="Mayas-MacBook-Air-2.local" failures="0" tests="1" name="theinternet.checkboxespagetests.CheckBoxesPageTests" time="16.692" errors="0" timestamp="2024-04-30T19:46:43 MDT" skipped="0">
  <testcase classname="theinternet.checkboxespagetests.CheckBoxesPageTests" name="selectingTwoCheckboxesTest" time="16.692"/>
</testsuite> <!-- theinternet.checkboxespagetests.CheckBoxesPageTests -->
