<?xml version="1.0" encoding="UTF-8"?>
<!-- Generated by org.testng.reporters.JUnitReportReporter -->
<testsuite hostname="Mayas-MacBook-Air-2.local" failures="0" tests="5" name="theinternet.loginpagetests.NegativeLogInTests" time="93.796" errors="0" timestamp="2024-05-11T14:00:35 MDT" skipped="0">
  <testcase classname="theinternet.loginpagetests.NegativeLogInTests" name="negativeLogInTest" time="23.189"/>
  <testcase classname="theinternet.loginpagetests.NegativeLogInTests" name="negativeLogInTest" time="17.349"/>
  <testcase classname="theinternet.loginpagetests.NegativeLogInTests" name="negativeLogInTest" time="17.461"/>
  <testcase classname="theinternet.loginpagetests.NegativeLogInTests" name="negativeLogInTest" time="17.690"/>
  <testcase classname="theinternet.loginpagetests.NegativeLogInTests" name="negativeLogInTest" time="18.107"/>
</testsuite> <!-- theinternet.loginpagetests.NegativeLogInTests -->
