<?xml version="1.0" encoding="UTF-8"?>
<!-- Generated by org.testng.reporters.JUnitReportReporter -->
<testsuite hostname="Mayas-MacBook-Air-2.local" failures="0" tests="1" name="theinternet.loginpagetests.PositiveLogInTests" time="14.144" errors="0" timestamp="2024-05-11T14:28:27 MDT" skipped="0">
  <testcase classname="theinternet.loginpagetests.PositiveLogInTests" name="logInTest" time="14.144"/>
</testsuite> <!-- theinternet.loginpagetests.PositiveLogInTests -->
