<?xml version="1.0" encoding="UTF-8"?>
<!-- Generated by org.testng.reporters.JUnitReportReporter -->
<testsuite hostname="Mayas-MacBook-Air-2.local" failures="0" tests="1" name="theinternet.editorpagetests.EditorPageTests" time="29.181" errors="0" timestamp="2024-05-10T11:18:09 MDT" skipped="0">
  <testcase classname="theinternet.editorpagetests.EditorPageTests" name="defaultEditorTextValue" time="29.181"/>
</testsuite> <!-- theinternet.editorpagetests.EditorPageTests -->
