<?xml version="1.0" encoding="UTF-8"?>
<!-- Generated by org.testng.reporters.JUnitReportReporter -->
<testsuite hostname="Mayas-MacBook-Air-2.local" failures="0" tests="3" name="theinternet.alertpagetests.AlertPageTests" time="41.291" errors="0" timestamp="2024-04-30T19:46:43 MDT" skipped="0">
  <testcase classname="theinternet.alertpagetests.AlertPageTests" name="jsPromptTest" time="12.552"/>
  <testcase classname="theinternet.alertpagetests.AlertPageTests" name="jsDismissTest" time="14.674"/>
  <testcase classname="theinternet.alertpagetests.AlertPageTests" name="jsAlertTest" time="14.065"/>
</testsuite> <!-- theinternet.alertpagetests.AlertPageTests -->
