<?xml version="1.0" encoding="UTF-8"?>
<!-- Generated by org.testng.reporters.JUnitReportReporter -->
<testsuite hostname="Mayas-MacBook-Air-2.local" failures="0" tests="1" name="com.herokuapp.theinternet.fileuploadtests.FileUploadTests" time="45.371" errors="0" timestamp="2024-04-30T19:39:35 MDT" skipped="0">
  <testcase classname="com.herokuapp.theinternet.fileuploadtests.FileUploadTests" name="uploadFile" time="45.371"/>
</testsuite> <!-- com.herokuapp.theinternet.fileuploadtests.FileUploadTests -->
