<?xml version="1.0" encoding="UTF-8"?>
<!-- Generated by org.testng.reporters.JUnitReportReporter -->
<testsuite hostname="Mayas-MacBook-Air-2.local" failures="0" tests="1" name="theinternet.multiplewindowpagetests.MultipleWindowstests" time="15.509" errors="0" timestamp="2024-04-30T19:46:43 MDT" skipped="0">
  <testcase classname="theinternet.multiplewindowpagetests.MultipleWindowstests" name="newWindowTest" time="15.509"/>
</testsuite> <!-- theinternet.multiplewindowpagetests.MultipleWindowstests -->
