<?xml version="1.0" encoding="UTF-8"?>
<!-- Generated by org.testng.reporters.JUnitReportReporter -->
<testsuite hostname="Mayas-MacBook-Air-2.local" failures="0" tests="2" name="theinternet.loginpagetests.NegativeLogInTests" time="30.106" errors="0" timestamp="2024-04-30T19:46:43 MDT" skipped="0">
  <testcase classname="theinternet.loginpagetests.NegativeLogInTests" name="negativeTest" time="10.380"/>
  <testcase classname="theinternet.loginpagetests.NegativeLogInTests" name="negativeTest" time="19.726"/>
</testsuite> <!-- theinternet.loginpagetests.NegativeLogInTests -->
