<?xml version="1.0" encoding="UTF-8"?>
<!-- Generated by org.testng.reporters.JUnitReportReporter -->
<testsuite hostname="Mayas-MacBook-Air-2.local" failures="0" tests="3" name="theinternet.alertpagetests.AlertPageTests" time="53.266" errors="0" timestamp="2024-05-11T14:00:35 MDT" skipped="0">
  <testcase classname="theinternet.alertpagetests.AlertPageTests" name="jsDismissTest" time="17.961"/>
  <testcase classname="theinternet.alertpagetests.AlertPageTests" name="jsAlertTest" time="17.918"/>
  <testcase classname="theinternet.alertpagetests.AlertPageTests" name="jsPromptTest" time="17.387"/>
</testsuite> <!-- theinternet.alertpagetests.AlertPageTests -->
