<?xml version="1.0" encoding="UTF-8"?>
<!-- Generated by org.testng.reporters.JUnitReportReporter -->
<testsuite hostname="Mayas-MacBook-Air-2.local" failures="0" tests="1" name="com.herokuapp.theinternet.editorpagetests.EditorPageTests" time="23.948" errors="0" timestamp="2024-04-30T19:25:20 MDT" skipped="0">
  <testcase classname="com.herokuapp.theinternet.editorpagetests.EditorPageTests" name="defaultEditorTextValue" time="23.948"/>
</testsuite> <!-- com.herokuapp.theinternet.editorpagetests.EditorPageTests -->
