<?xml version="1.0" encoding="UTF-8"?>
<!-- Generated by org.testng.reporters.JUnitReportReporter -->
<testsuite hostname="Mayas-MacBook-Air-2.local" failures="0" tests="5" name="theinternet.loginpagetests.NegativeLogInTests" time="54.858" errors="0" timestamp="2024-05-10T22:38:38 MDT" skipped="0">
  <testcase classname="theinternet.loginpagetests.NegativeLogInTests" name="negativeLogInTest" time="10.395"/>
  <testcase classname="theinternet.loginpagetests.NegativeLogInTests" name="negativeLogInTest" time="14.327"/>
  <testcase classname="theinternet.loginpagetests.NegativeLogInTests" name="negativeLogInTest" time="10.181"/>
  <testcase classname="theinternet.loginpagetests.NegativeLogInTests" name="negativeLogInTest" time="9.980"/>
  <testcase classname="theinternet.loginpagetests.NegativeLogInTests" name="negativeLogInTest" time="9.975"/>
</testsuite> <!-- theinternet.loginpagetests.NegativeLogInTests -->
