<?xml version="1.0" encoding="UTF-8"?>
<!-- Generated by org.testng.reporters.JUnitReportReporter -->
<testsuite hostname="Mayas-MacBook-Air.local" failures="0" tests="1" name="com.herokuapp.theinternet.PositiveTests" time="13.502" errors="0" timestamp="2024-04-16T20:41:32 MDT" skipped="0">
  <testcase classname="com.herokuapp.theinternet.PositiveTests" name="loginTest" time="13.502"/>
</testsuite> <!-- com.herokuapp.theinternet.PositiveTests -->
