<?xml version="1.0" encoding="UTF-8"?>
<!-- Generated by org.testng.reporters.JUnitReportReporter -->
<testsuite hostname="Mayas-MacBook-Air-2.local" failures="0" tests="3" name="theinternet.alertpagetests.AlertPageTests" time="33.541" errors="0" timestamp="2024-05-11T15:55:46 MDT" skipped="0">
  <testcase classname="theinternet.alertpagetests.AlertPageTests" name="jsAlertTest" time="10.848"/>
  <testcase classname="theinternet.alertpagetests.AlertPageTests" name="jsDismissTest" time="10.905"/>
  <testcase classname="theinternet.alertpagetests.AlertPageTests" name="jsPromptTest" time="11.788"/>
</testsuite> <!-- theinternet.alertpagetests.AlertPageTests -->
