<?xml version="1.0" encoding="UTF-8"?>
<!-- Generated by org.testng.reporters.JUnitReportReporter -->
<testsuite hostname="Mayas-MacBook-Air-2.local" failures="0" tests="3" name="theinternet.alertpagetests.AlertPageTests" time="38.307" errors="0" timestamp="2024-05-01T14:54:35 MDT" skipped="0">
  <testcase classname="theinternet.alertpagetests.AlertPageTests" name="jsAlertTest" time="15.094"/>
  <testcase classname="theinternet.alertpagetests.AlertPageTests" name="jsPromptTest" time="12.238"/>
  <testcase classname="theinternet.alertpagetests.AlertPageTests" name="jsDismissTest" time="10.975"/>
</testsuite> <!-- theinternet.alertpagetests.AlertPageTests -->
