<?xml version="1.0" encoding="UTF-8"?>
<!-- Generated by org.testng.reporters.JUnitReportReporter -->
<testsuite hostname="Mayas-MacBook-Air-2.local" failures="0" tests="2" name="theinternet.keypressestests.KeyPressesTests" time="16.101" errors="0" timestamp="2024-05-10T14:35:23 MDT" skipped="0">
  <testcase classname="theinternet.keypressestests.KeyPressesTests" name="pressKeyWithActionsTest" time="10.246"/>
  <testcase classname="theinternet.keypressestests.KeyPressesTests" name="pressKeyWithActionsTest" time="5.855"/>
</testsuite> <!-- theinternet.keypressestests.KeyPressesTests -->
