<?xml version="1.0" encoding="UTF-8"?>
<!-- Generated by org.testng.reporters.JUnitReportReporter -->
<testsuite hostname="Mayas-MacBook-Air.local" failures="0" tests="1" name="com.herokuapp.theinternet.checkboxespagetests.CheckBoxesTests" time="17.572" errors="0" timestamp="2024-04-19T21:21:32 MDT" skipped="0">
  <testcase classname="com.herokuapp.theinternet.checkboxespagetests.CheckBoxesTests" name="selectingTwoCheckboxesTest" time="17.572"/>
</testsuite> <!-- com.herokuapp.theinternet.checkboxespagetests.CheckBoxesTests -->
