<?xml version="1.0" encoding="UTF-8"?>
<!-- Generated by org.testng.reporters.JUnitReportReporter -->
<testsuite hostname="Mayas-MacBook-Air-2.local" failures="0" tests="3" name="com.herokuapp.theinternet.alertpagetests.AlertPageTests" time="44.356" errors="0" timestamp="2024-04-30T19:25:20 MDT" skipped="0">
  <testcase classname="com.herokuapp.theinternet.alertpagetests.AlertPageTests" name="jsDismissTest" time="15.436"/>
  <testcase classname="com.herokuapp.theinternet.alertpagetests.AlertPageTests" name="jsPromptTest" time="12.699"/>
  <testcase classname="com.herokuapp.theinternet.alertpagetests.AlertPageTests" name="jsAlertTest" time="16.221"/>
</testsuite> <!-- com.herokuapp.theinternet.alertpagetests.AlertPageTests -->
