<?xml version="1.0" encoding="UTF-8"?>
<!-- Generated by org.testng.reporters.JUnitReportReporter -->
<testsuite hostname="Mayas-MacBook-Air-2.local" failures="0" tests="1" name="theinternet.checkboxespagetests.CheckBoxesPageTests" time="20.249" errors="0" timestamp="2024-05-11T14:00:35 MDT" skipped="0">
  <testcase classname="theinternet.checkboxespagetests.CheckBoxesPageTests" name="selectingTwoCheckboxesTest" time="20.249"/>
</testsuite> <!-- theinternet.checkboxespagetests.CheckBoxesPageTests -->
