<?xml version="1.0" encoding="UTF-8"?>
<!-- Generated by org.testng.reporters.JUnitReportReporter -->
<testsuite hostname="Mayas-MacBook-Air-2.local" failures="0" tests="3" name="theinternet.fileuploadtests.FileUploadTests" time="42.249" errors="0" timestamp="2024-05-11T14:00:35 MDT" skipped="0">
  <testcase classname="theinternet.fileuploadtests.FileUploadTests" name="uploadFile" time="15.062"/>
  <testcase classname="theinternet.fileuploadtests.FileUploadTests" name="uploadFile" time="12.819"/>
  <testcase classname="theinternet.fileuploadtests.FileUploadTests" name="uploadFile" time="14.368"/>
</testsuite> <!-- theinternet.fileuploadtests.FileUploadTests -->
