<?xml version="1.0" encoding="UTF-8"?>
<!-- Generated by org.testng.reporters.JUnitReportReporter -->
<testsuite hostname="Mayas-MacBook-Air-2.local" failures="0" tests="1" name="theinternet.keypressestests.KeyPressesTests" time="12.196" errors="0" timestamp="2024-05-11T14:00:35 MDT" skipped="0">
  <testcase classname="theinternet.keypressestests.KeyPressesTests" name="pressKeyWithActionsTest" time="12.196"/>
</testsuite> <!-- theinternet.keypressestests.KeyPressesTests -->
